INFO  11:58:42 Application started. Press Ctrl+C to shut down.
INFO  11:58:43 Application started. Press Ctrl+C to shut down.
INFO  11:58:43 Hosting environment: Development
INFO  11:58:43 Hosting environment: Development
INFO  11:58:43 Content root path: C:\Users\Ganesh\source\repos\Airline_Reservation_Without_DB\Ticket_Service_Without_Db
INFO  11:58:43 Content root path: C:\Users\Ganesh\source\repos\Airline_Reservation_Without_DB\Ticket_Service_Without_Db
INFO  12:03:07 Application started. Press Ctrl+C to shut down.
INFO  12:03:07 Application started. Press Ctrl+C to shut down.
INFO  12:03:07 Hosting environment: Development
INFO  12:03:07 Hosting environment: Development
INFO  12:03:07 Content root path: C:\Users\Ganesh\source\repos\Airline_Reservation_Without_DB\Ticket_Service_Without_Db
INFO  12:03:07 Content root path: C:\Users\Ganesh\source\repos\Airline_Reservation_Without_DB\Ticket_Service_Without_Db
INFO  12:15:49 Application started. Press Ctrl+C to shut down.
INFO  12:15:49 Application started. Press Ctrl+C to shut down.
INFO  12:15:49 Hosting environment: Development
INFO  12:15:49 Hosting environment: Development
INFO  12:15:49 Content root path: C:\Users\Ganesh\source\repos\Airline_Reservation_Without_DB\Ticket_Service_Without_Db
INFO  12:15:49 Content root path: C:\Users\Ganesh\source\repos\Airline_Reservation_Without_DB\Ticket_Service_Without_Db
INFO  12:26:05 Application started. Press Ctrl+C to shut down.
INFO  12:26:05 Application started. Press Ctrl+C to shut down.
INFO  12:26:05 Hosting environment: Development
INFO  12:26:05 Hosting environment: Development
INFO  12:26:05 Content root path: C:\Users\Ganesh\source\repos\Airline_Reservation_Without_DB\Ticket_Service_Without_Db
INFO  12:26:05 Content root path: C:\Users\Ganesh\source\repos\Airline_Reservation_Without_DB\Ticket_Service_Without_Db
INFO  12:36:16 Application started. Press Ctrl+C to shut down.
INFO  12:36:16 Application started. Press Ctrl+C to shut down.
INFO  12:36:16 Hosting environment: Development
INFO  12:36:16 Hosting environment: Development
INFO  12:36:16 Content root path: C:\Users\Ganesh\source\repos\Airline_Reservation_Without_DB\Ticket_Service_Without_Db
INFO  12:36:16 Content root path: C:\Users\Ganesh\source\repos\Airline_Reservation_Without_DB\Ticket_Service_Without_Db
INFO  12:42:15 Ticket Booked Successfully with passenger name Suresh
INFO  12:42:49 Getting all tickets
INFO  06:39:55 Application started. Press Ctrl+C to shut down.
INFO  06:39:55 Application started. Press Ctrl+C to shut down.
INFO  06:39:55 Hosting environment: Development
INFO  06:39:55 Hosting environment: Development
INFO  06:39:55 Content root path: C:\Users\Ganesh\source\repos\Airline_Reservation_Without_DB\Ticket_Service_Without_Db
INFO  06:39:55 Content root path: C:\Users\Ganesh\source\repos\Airline_Reservation_Without_DB\Ticket_Service_Without_Db
INFO  06:50:03 Application started. Press Ctrl+C to shut down.
INFO  06:50:03 Application started. Press Ctrl+C to shut down.
INFO  06:50:03 Hosting environment: Development
INFO  06:50:03 Hosting environment: Development
INFO  06:50:03 Content root path: C:\Users\Ganesh\source\repos\Airline_Reservation_Without_DB\Ticket_Service_Without_Db
INFO  06:50:03 Content root path: C:\Users\Ganesh\source\repos\Airline_Reservation_Without_DB\Ticket_Service_Without_Db
INFO  06:55:11 Ticket Booked Successfully with passenger name Azad
INFO  07:01:23 Application started. Press Ctrl+C to shut down.
INFO  07:01:24 Application started. Press Ctrl+C to shut down.
INFO  07:01:24 Hosting environment: Development
INFO  07:01:24 Hosting environment: Development
INFO  07:01:24 Content root path: C:\Users\Ganesh\source\repos\Airline_Reservation_Without_DB\Ticket_Service_Without_Db
INFO  07:01:24 Content root path: C:\Users\Ganesh\source\repos\Airline_Reservation_Without_DB\Ticket_Service_Without_Db
INFO  07:03:41 Ticket Booked Successfully with passenger name Azad
INFO  07:15:52 Application started. Press Ctrl+C to shut down.
INFO  07:15:52 Application started. Press Ctrl+C to shut down.
INFO  07:15:52 Hosting environment: Development
INFO  07:15:52 Hosting environment: Development
INFO  07:15:52 Content root path: C:\Users\Ganesh\source\repos\Airline_Reservation_Without_DB\Ticket_Service_Without_Db
INFO  07:15:52 Content root path: C:\Users\Ganesh\source\repos\Airline_Reservation_Without_DB\Ticket_Service_Without_Db
INFO  07:20:18 Ticket Booked Successfully with passenger name Azad
INFO  07:20:32 Getting all tickets
INFO  07:27:17 Application started. Press Ctrl+C to shut down.
INFO  07:27:17 Application started. Press Ctrl+C to shut down.
INFO  07:27:18 Hosting environment: Development
INFO  07:27:18 Hosting environment: Development
INFO  07:27:18 Content root path: C:\Users\Ganesh\source\repos\Airline_Reservation_Without_DB\Ticket_Service_Without_Db
INFO  07:27:18 Content root path: C:\Users\Ganesh\source\repos\Airline_Reservation_Without_DB\Ticket_Service_Without_Db
INFO  07:30:00 Ticket Booked Successfully with passenger name Azam
INFO  07:30:06 Getting all tickets
INFO  07:38:37 Application started. Press Ctrl+C to shut down.
INFO  07:38:37 Application started. Press Ctrl+C to shut down.
INFO  07:38:37 Hosting environment: Development
INFO  07:38:37 Hosting environment: Development
INFO  07:38:37 Content root path: C:\Users\Ganesh\source\repos\Airline_Reservation_Without_DB\Ticket_Service_Without_Db
INFO  07:38:37 Content root path: C:\Users\Ganesh\source\repos\Airline_Reservation_Without_DB\Ticket_Service_Without_Db
INFO  07:40:41 Ticket Booked Successfully with passenger name Azam
INFO  07:40:48 Getting all tickets
INFO  07:41:49 Getting all tickets
